<?xml version="1.0" encoding="UTF-8"?>
<testng-results ignored="1" total="2" passed="1" failed="0" skipped="0">
  <reporter-output>
  </reporter-output>
  <suite started-at="2022-04-26T22:11:09 EDT" name="Suite" finished-at="2022-04-26T22:11:34 EDT" duration-ms="24080">
    <groups>
    </groups>
    <test started-at="2022-04-26T22:11:09 EDT" name="Test" finished-at="2022-04-26T22:11:34 EDT" duration-ms="24080">
      <class name="Selenium.maven.Selenium.maven.demo.WeatherTestUI">
        <test-method is-config="true" signature="openBrowser()[pri:0, instance:Selenium.maven.Selenium.maven.demo.WeatherTestUI@c33b74f]" started-at="2022-04-26T22:11:10 EDT" name="openBrowser" finished-at="2022-04-26T22:11:31 EDT" duration-ms="21140" status="PASS">
          <reporter-output>
          </reporter-output>
        </test-method> <!-- openBrowser -->
        <test-method signature="openHomePageNDTV()[pri:1, instance:Selenium.maven.Selenium.maven.demo.WeatherTestUI@c33b74f]" started-at="2022-04-26T22:11:31 EDT" name="openHomePageNDTV" finished-at="2022-04-26T22:11:33 EDT" duration-ms="2434" status="PASS">
          <reporter-output>
          </reporter-output>
        </test-method> <!-- openHomePageNDTV -->
        <test-method is-config="true" signature="afterClass()[pri:0, instance:Selenium.maven.Selenium.maven.demo.WeatherTestUI@c33b74f]" started-at="2022-04-26T22:11:33 EDT" name="afterClass" finished-at="2022-04-26T22:11:34 EDT" duration-ms="447" status="PASS">
          <reporter-output>
          </reporter-output>
        </test-method> <!-- afterClass -->
      </class> <!-- Selenium.maven.Selenium.maven.demo.WeatherTestUI -->
    </test> <!-- Test -->
  </suite> <!-- Suite -->
</testng-results>
