<?xml version="1.0" encoding="UTF-8"?>
<!-- Generated by org.testng.reporters.JUnitXMLReporter -->
<testsuite ignored="1" hostname="MSI" failures="0" tests="1" name="Test" time="24.08" errors="0" timestamp="2022-04-26T22:11:34 EDT">
  <testcase classname="Selenium.maven.Selenium.maven.demo.WeatherTestUI" name="openHomePageNDTV" time="2.434"/>
  <testcase classname="Selenium.maven.Selenium.maven.demo.WeatherTestUI" name="verifyWeatherSection" time="0.0">
    <ignored/>
  </testcase> <!-- verifyWeatherSection -->
</testsuite> <!-- Test -->
