<?xml version="1.0" encoding="UTF-8"?>
<testsuite name="TestSuite" time="17.055" tests="4" errors="0" skipped="0" failures="1">
  <properties>
[...]
</properties>
  <testcase name="openHomePageNDTV" classname="Selenium.maven.Selenium.maven.demo.WeatherTest" time="7.595"/>
  <testcase name="verifyWeatherSection" classname="Selenium.maven.Selenium.maven.demo.WeatherTest" time="2.022"/>
  <testcase name="verifyWeatherSectionAPI" classname="Selenium.maven.Selenium.maven.demo.WeatherTest" time="7.258"/>
  <testcase name="verifyBothUIandAPISection" classname="Selenium.maven.Selenium.maven.demo.WeatherTest" time="0.18">
    <failure message="expected [32] but found [Temp in Degrees: 35]" type="java.lang.AssertionError">java.lang.AssertionError: expected [32] but found [Temp in Degrees: 35]
	at org.testng.Assert.fail(Assert.java:94)
	at org.testng.Assert.failNotEquals(Assert.java:494)
	at org.testng.Assert.assertEquals(Assert.java:123)
	at org.testng.Assert.assertEquals(Assert.java:176)
	at org.testng.Assert.assertEquals(Assert.java:186)
	at Selenium.maven.Screens.WeatherPage.verifyUIAndApiDatsa(WeatherPage.java:98)
	at Selenium.maven.Selenium.maven.demo.WeatherTest.verifyBothUIandAPISection(WeatherTest.java:89)
</failure>
    <system-out><![CDATA[Condition on UI========Condition : Humid and Overcast
Wind on UI========Wind: 1.77 KPH Gusting to 2.04 KPH
Humidity on UI========Humidity: 56%
Temp on UI========Temp in Degrees: 35
Api temperature in kelvin==305.15
searching city is Available===Kanpur
UI contains value is =Kanpur and API contains value is =Kanpur
]]></system-out>
  </testcase>
</testsuite>